State 0:
          input ::= * expr
          expr ::= * expr AND expr
          expr ::= * expr OR expr
          expr ::= * expr NOT expr
          expr ::= * LP expr RP
          expr ::= * exprlist
          exprlist ::= * cnearset
          exprlist ::= * exprlist cnearset
          cnearset ::= * nearset
          cnearset ::= * colset COLON nearset
          colset ::= * MINUS LCP colsetlist RCP
          colset ::= * LCP colsetlist RCP
          colset ::= * STRING
          colset ::= * MINUS STRING
          nearset ::= * phrase
          nearset ::= * STRING LP nearphrases neardist_opt RP
          phrase ::= * phrase PLUS STRING star_opt
          phrase ::= * STRING star_opt

                            LP shift        1      
                         MINUS shift        19     
                           LCP shift        11     
                        STRING shift        9      
                         input accept
                          expr shift        16     
                      cnearset shift-reduce 6      exprlist ::= cnearset
                      exprlist shift        5      
                       nearset shift-reduce 8      cnearset ::= nearset
                        colset shift        27     
                        phrase shift        26     

State 1:
          expr ::= * expr AND expr
          expr ::= * expr OR expr
          expr ::= * expr NOT expr
          expr ::= * LP expr RP
          expr ::= LP * expr RP
          expr ::= * exprlist
          exprlist ::= * cnearset
          exprlist ::= * exprlist cnearset
          cnearset ::= * nearset
          cnearset ::= * colset COLON nearset
          colset ::= * MINUS LCP colsetlist RCP
          colset ::= * LCP colsetlist RCP
          colset ::= * STRING
          colset ::= * MINUS STRING
          nearset ::= * phrase
          nearset ::= * STRING LP nearphrases neardist_opt RP
          phrase ::= * phrase PLUS STRING star_opt
          phrase ::= * STRING star_opt

                            LP shift        1      
                         MINUS shift        19     
                           LCP shift        11     
                        STRING shift        9      
                          expr shift        15     
                      cnearset shift-reduce 6      exprlist ::= cnearset
                      exprlist shift        5      
                       nearset shift-reduce 8      cnearset ::= nearset
                        colset shift        27     
                        phrase shift        26     

State 2:
          expr ::= * expr AND expr
          expr ::= * expr OR expr
          expr ::= * expr NOT expr
          expr ::= expr NOT * expr
          expr ::= * LP expr RP
          expr ::= * exprlist
          exprlist ::= * cnearset
          exprlist ::= * exprlist cnearset
          cnearset ::= * nearset
          cnearset ::= * colset COLON nearset
          colset ::= * MINUS LCP colsetlist RCP
          colset ::= * LCP colsetlist RCP
          colset ::= * STRING
          colset ::= * MINUS STRING
          nearset ::= * phrase
          nearset ::= * STRING LP nearphrases neardist_opt RP
          phrase ::= * phrase PLUS STRING star_opt
          phrase ::= * STRING star_opt

                            LP shift        1      
                         MINUS shift        19     
                           LCP shift        11     
                        STRING shift        9      
                          expr shift-reduce 3      expr ::= expr NOT expr
                      cnearset shift-reduce 6      exprlist ::= cnearset
                      exprlist shift        5      
                       nearset shift-reduce 8      cnearset ::= nearset
                        colset shift        27     
                        phrase shift        26     

State 3:
          expr ::= * expr AND expr
          expr ::= * expr OR expr
          expr ::= expr OR * expr
          expr ::= * expr NOT expr
          expr ::= * LP expr RP
          expr ::= * exprlist
          exprlist ::= * cnearset
          exprlist ::= * exprlist cnearset
          cnearset ::= * nearset
          cnearset ::= * colset COLON nearset
          colset ::= * MINUS LCP colsetlist RCP
          colset ::= * LCP colsetlist RCP
          colset ::= * STRING
          colset ::= * MINUS STRING
          nearset ::= * phrase
          nearset ::= * STRING LP nearphrases neardist_opt RP
          phrase ::= * phrase PLUS STRING star_opt
          phrase ::= * STRING star_opt

                            LP shift        1      
                         MINUS shift        19     
                           LCP shift        11     
                        STRING shift        9      
                          expr shift        20     
                      cnearset shift-reduce 6      exprlist ::= cnearset
                      exprlist shift        5      
                       nearset shift-reduce 8      cnearset ::= nearset
                        colset shift        27     
                        phrase shift        26     

State 4:
          expr ::= * expr AND expr
          expr ::= expr AND * expr
          expr ::= * expr OR expr
          expr ::= * expr NOT expr
          expr ::= * LP expr RP
          expr ::= * exprlist
          exprlist ::= * cnearset
          exprlist ::= * exprlist cnearset
          cnearset ::= * nearset
          cnearset ::= * colset COLON nearset
          colset ::= * MINUS LCP colsetlist RCP
          colset ::= * LCP colsetlist RCP
          colset ::= * STRING
          colset ::= * MINUS STRING
          nearset ::= * phrase
          nearset ::= * STRING LP nearphrases neardist_opt RP
          phrase ::= * phrase PLUS STRING star_opt
          phrase ::= * STRING star_opt

                            LP shift        1      
                         MINUS shift        19     
                           LCP shift        11     
                        STRING shift        9      
                          expr shift        28     
                      cnearset shift-reduce 6      exprlist ::= cnearset
                      exprlist shift        5      
                       nearset shift-reduce 8      cnearset ::= nearset
                        colset shift        27     
                        phrase shift        26     

State 5:
      (5) expr ::= exprlist *
          exprlist ::= exprlist * cnearset
          cnearset ::= * nearset
          cnearset ::= * colset COLON nearset
          colset ::= * MINUS LCP colsetlist RCP
          colset ::= * LCP colsetlist RCP
          colset ::= * STRING
          colset ::= * MINUS STRING
          nearset ::= * phrase
          nearset ::= * STRING LP nearphrases neardist_opt RP
          phrase ::= * phrase PLUS STRING star_opt
          phrase ::= * STRING star_opt

                         MINUS shift        19     
                           LCP shift        11     
                        STRING shift        9      
                      cnearset shift-reduce 7      exprlist ::= exprlist cnearset
                       nearset shift-reduce 8      cnearset ::= nearset
                        colset shift        27     
                        phrase shift        26     
                     {default} reduce       5      expr ::= exprlist

State 6:
          nearset ::= STRING LP nearphrases * neardist_opt RP
          nearphrases ::= nearphrases * phrase
     (20) neardist_opt ::= *
          neardist_opt ::= * COMMA STRING
          phrase ::= * phrase PLUS STRING star_opt
          phrase ::= * STRING star_opt

                        STRING shift        13     
                         COMMA shift        22     
                        phrase shift        23     
                  neardist_opt shift        24     
                     {default} reduce       20     neardist_opt ::=

State 7:
          nearset ::= STRING LP * nearphrases neardist_opt RP
          nearphrases ::= * phrase
          nearphrases ::= * nearphrases phrase
          phrase ::= * phrase PLUS STRING star_opt
          phrase ::= * STRING star_opt

                        STRING shift        13     
                   nearphrases shift        6      
                        phrase shift        21     

State 8:
          cnearset ::= colset COLON * nearset
          nearset ::= * phrase
          nearset ::= * STRING LP nearphrases neardist_opt RP
          phrase ::= * phrase PLUS STRING star_opt
          phrase ::= * STRING star_opt

                        STRING shift        10     
                       nearset shift-reduce 9      cnearset ::= colset COLON nearset
                        phrase shift        26     

State 9:
     (12) colset ::= STRING *
          nearset ::= STRING * LP nearphrases neardist_opt RP
          phrase ::= STRING * star_opt
          star_opt ::= * STAR
     (25) star_opt ::= *

                         COLON reduce       12     colset ::= STRING
                            LP shift        7      
                          STAR shift-reduce 24     star_opt ::= STAR
                      star_opt shift-reduce 23     phrase ::= STRING star_opt
                     {default} reduce       25     star_opt ::=

State 10:
          nearset ::= STRING * LP nearphrases neardist_opt RP
          phrase ::= STRING * star_opt
          star_opt ::= * STAR
     (25) star_opt ::= *

                            LP shift        7      
                          STAR shift-reduce 24     star_opt ::= STAR
                      star_opt shift-reduce 23     phrase ::= STRING star_opt
                     {default} reduce       25     star_opt ::=

State 11:
          colset ::= LCP * colsetlist RCP
          colsetlist ::= * colsetlist STRING
          colsetlist ::= * STRING

                        STRING shift-reduce 15     colsetlist ::= STRING
                    colsetlist shift        17     

State 12:
          colset ::= MINUS LCP * colsetlist RCP
          colsetlist ::= * colsetlist STRING
          colsetlist ::= * STRING

                        STRING shift-reduce 15     colsetlist ::= STRING
                    colsetlist shift        18     

State 13:
          phrase ::= STRING * star_opt
          star_opt ::= * STAR
     (25) star_opt ::= *

                          STAR shift-reduce 24     star_opt ::= STAR
                      star_opt shift-reduce 23     phrase ::= STRING star_opt
                     {default} reduce       25     star_opt ::=

State 14:
          phrase ::= phrase PLUS STRING * star_opt
          star_opt ::= * STAR
     (25) star_opt ::= *

                          STAR shift-reduce 24     star_opt ::= STAR
                      star_opt shift-reduce 22     phrase ::= phrase PLUS STRING star_opt
                     {default} reduce       25     star_opt ::=

State 15:
          expr ::= expr * AND expr
          expr ::= expr * OR expr
          expr ::= expr * NOT expr
          expr ::= LP expr * RP

                            OR shift        3      
                           AND shift        4      
                           NOT shift        2      
                            RP shift-reduce 4      expr ::= LP expr RP

State 16:
      (0) input ::= expr *
          expr ::= expr * AND expr
          expr ::= expr * OR expr
          expr ::= expr * NOT expr

                             $ reduce       0      input ::= expr
                            OR shift        3      
                           AND shift        4      
                           NOT shift        2      

State 17:
          colset ::= LCP colsetlist * RCP
          colsetlist ::= colsetlist * STRING

                           RCP shift-reduce 11     colset ::= LCP colsetlist RCP
                        STRING shift-reduce 14     colsetlist ::= colsetlist STRING

State 18:
          colset ::= MINUS LCP colsetlist * RCP
          colsetlist ::= colsetlist * STRING

                           RCP shift-reduce 10     colset ::= MINUS LCP colsetlist RCP
                        STRING shift-reduce 14     colsetlist ::= colsetlist STRING

State 19:
          colset ::= MINUS * LCP colsetlist RCP
          colset ::= MINUS * STRING

                           LCP shift        12     
                        STRING shift-reduce 13     colset ::= MINUS STRING

State 20:
          expr ::= expr * AND expr
          expr ::= expr * OR expr
      (2) expr ::= expr OR expr *
          expr ::= expr * NOT expr

                           AND shift        4      
                           NOT shift        2      
                     {default} reduce       2      expr ::= expr OR expr

State 21:
     (18) nearphrases ::= phrase *
          phrase ::= phrase * PLUS STRING star_opt

                          PLUS shift        25     
                     {default} reduce       18     nearphrases ::= phrase

State 22:
          neardist_opt ::= COMMA * STRING

                        STRING shift-reduce 21     neardist_opt ::= COMMA STRING

State 23:
     (19) nearphrases ::= nearphrases phrase *
          phrase ::= phrase * PLUS STRING star_opt

                          PLUS shift        25     
                     {default} reduce       19     nearphrases ::= nearphrases phrase

State 24:
          nearset ::= STRING LP nearphrases neardist_opt * RP

                            RP shift-reduce 17     nearset ::= STRING LP nearphrases neardist_opt RP

State 25:
          phrase ::= phrase PLUS * STRING star_opt

                        STRING shift        14     

State 26:
     (16) nearset ::= phrase *
          phrase ::= phrase * PLUS STRING star_opt

                          PLUS shift        25     
                     {default} reduce       16     nearset ::= phrase

State 27:
          cnearset ::= colset * COLON nearset

                         COLON shift        8      

State 28:
          expr ::= expr * AND expr
      (1) expr ::= expr AND expr *
          expr ::= expr * OR expr
          expr ::= expr * NOT expr

                           NOT shift        2      
                     {default} reduce       1      expr ::= expr AND expr

----------------------------------------------------
Symbols:
    0: $:
    1: OR
    2: AND
    3: NOT
    4: TERM
    5: COLON
    6: LP
    7: RP
    8: MINUS
    9: LCP
   10: RCP
   11: STRING
   12: COMMA
   13: PLUS
   14: STAR
   15: error:
   16: input: LP MINUS LCP STRING
   17: expr: LP MINUS LCP STRING
   18: cnearset: MINUS LCP STRING
   19: exprlist: MINUS LCP STRING
   20: nearset: STRING
   21: colset: MINUS LCP STRING
   22: colsetlist: STRING
   23: nearphrases: STRING
   24: phrase: STRING
   25: neardist_opt: <lambda> COMMA
   26: star_opt: <lambda> STAR
